<?xml version="1.0" encoding="UTF-8"?>
<!-- Generated by org.testng.reporters.JUnitReportReporter -->
<testsuite hostname="VibinV" failures="0" tests="2" name="mykademy.testCases.M001_LoginTest" time="59.107" errors="0" timestamp="2023-12-04T11:07:16 IST" skipped="0">
  <testcase classname="mykademy.testCases.M001_LoginTest" name="loginTest" time="30.911"/>
  <system-out>
    <![CDATA[LOG:INFO : Starting test execution!!]]>
  </system-out>
  <testcase classname="mykademy.testCases.M001_LoginTest" name="loginTest" time="28.196"/>
  <system-out>
    <![CDATA[LOG:INFO : Starting test execution!!]]>
  </system-out>
</testsuite> <!-- mykademy.testCases.M001_LoginTest -->
