<?xml version="1.0" encoding="UTF-8"?>
<!-- Generated by org.testng.reporters.JUnitReportReporter -->
<testsuite hostname="VibinV" failures="0" tests="1" name="mykademy.testCases.M002_VerifyCourseCreation" time="48.799" errors="0" timestamp="2023-12-05T01:01:01 IST" skipped="0">
  <testcase classname="mykademy.testCases.M002_VerifyCourseCreation" name="courseCreationTest" time="48.799"/>
  <system-out>
    <![CDATA[LOG:INFO : Starting M002_VerifyCourseCreation Test execution!!]]>
  </system-out>
</testsuite> <!-- mykademy.testCases.M002_VerifyCourseCreation -->
