<?xml version="1.0" encoding="UTF-8"?>
<!-- Generated by org.testng.reporters.JUnitReportReporter -->
<testsuite hostname="VibinV" failures="0" tests="2" name="mykademy.testCases.M001_LoginTest" time="68.792" errors="0" timestamp="2023-12-03T23:53:32 IST" skipped="0">
  <testcase classname="mykademy.testCases.M001_LoginTest" name="loginTest" time="31.311"/>
  <system-out>
    <![CDATA[LOG:INFO : Starting test execution!!]]>
  </system-out>
  <testcase classname="mykademy.testCases.M001_LoginTest" name="loginTest" time="37.481"/>
  <system-out>
    <![CDATA[LOG:INFO : Starting test execution!!]]>
  </system-out>
</testsuite> <!-- mykademy.testCases.M001_LoginTest -->
