<?xml version="1.0" encoding="UTF-8"?>
<!-- Generated by org.testng.reporters.JUnitReportReporter -->
<testsuite hostname="VibinV" failures="0" tests="2" name="mykademy.testCases.M001_LoginTest" time="68.708" errors="0" timestamp="2023-12-04T08:51:23 IST" skipped="0">
  <testcase classname="mykademy.testCases.M001_LoginTest" name="loginTest" time="32.283"/>
  <system-out>
    <![CDATA[LOG:INFO : Starting test execution!!]]>
  </system-out>
  <testcase classname="mykademy.testCases.M001_LoginTest" name="loginTest" time="36.425"/>
  <system-out>
    <![CDATA[LOG:INFO : Starting test execution!!]]>
  </system-out>
</testsuite> <!-- mykademy.testCases.M001_LoginTest -->
